<?xml version="1.0" encoding="UTF-8"?>
<!-- Generated by org.testng.reporters.JUnitXMLReporter -->
<testsuite ignored="2" hostname="DESKTOP-BDCU2EV" failures="0" tests="1" name="test2" time="5.645" errors="0" timestamp="2022-04-08T10:35:28 IST">
  <testcase classname="Day_032_TestNG_Groups.AllTests" name="OrangeHRM" time="5.598"/>
  <testcase classname="Day_032_TestNG_Groups.AllTests" name="Google" time="0.0">
    <ignored/>
  </testcase> <!-- Google -->
  <testcase classname="Day_032_TestNG_Groups.AllTests" name="Mercury" time="0.0">
    <ignored/>
  </testcase> <!-- Mercury -->
</testsuite> <!-- test2 -->
